<?xml version="1.0" encoding="utf-8"?><testsuites name="pytest tests"><testsuite name="pytest" errors="0" failures="0" skipped="0" tests="16" time="2.697" timestamp="2026-06-13T14:17:30.986153+00:00" hostname="agent-env-4a40d0d4-1286-4031-91ec-8c246e57bd81"><testcase classname="backend.tests.test_funcenter_api.TestHealthAuth" name="test_root" time="0.143" /><testcase classname="backend.tests.test_funcenter_api.TestHealthAuth" name="test_login_wrong_password" time="0.043" /><testcase classname="backend.tests.test_funcenter_api.TestHealthAuth" name="test_login_correct" time="0.043" /><testcase classname="backend.tests.test_funcenter_api.TestHealthAuth" name="test_verify_endpoint" time="0.091" /><testcase classname="backend.tests.test_funcenter_api.TestHealthAuth" name="test_protected_requires_auth" time="0.173" /><testcase classname="backend.tests.test_funcenter_api.TestBlogs" name="test_create_and_get" time="0.157" /><testcase classname="backend.tests.test_funcenter_api.TestBlogs" name="test_delete_requires_auth" time="0.042" /><testcase classname="backend.tests.test_funcenter_api.TestApps" name="test_create_external" time="0.153" /><testcase classname="backend.tests.test_funcenter_api.TestVideos" name="test_create_with_embed" time="0.150" /><testcase classname="backend.tests.test_funcenter_api.TestMusic" name="test_create_external" time="0.148" /><testcase classname="backend.tests.test_funcenter_api.TestUpload" name="test_upload_requires_auth" time="0.042" /><testcase classname="backend.tests.test_funcenter_api.TestUpload" name="test_upload_thumbnail_and_serve" time="0.096" /><testcase classname="backend.tests.test_funcenter_api.TestUpload" name="test_upload_invalid_folder" time="0.042" /><testcase classname="backend.tests.test_funcenter_api.TestUpload" name="test_upload_video_generates_thumbnail" time="0.987" /><testcase classname="backend.tests.test_funcenter_api.TestUpload" name="test_serve_missing_file_404" time="0.042" /><testcase classname="backend.tests.test_funcenter_api.TestSearch" name="test_search_returns_buckets" time="0.139" /></testsuite></testsuites>